ac97_ctrl
StageName         Tag Time(sec) Cells  HPWL(nm)   TWL(nm)   TNS(ns) WNS(ns)
---------------------------------------------------------------------------
GlobalPlacement   GP     15,784 11855 528384717 659379639 2691,8738  2,0797
Legalization      LEG    15,851 11855 614345153 748511273 2731,3314  2,1032
DetailedPlacement DP     31,974 11855 518960449 658839199 2745,4288  2,1055
---------------------------------------------------------------------------

b17
StageName         Tag Time(sec) Cells   HPWL(nm)    TWL(nm)   TNS(ns) WNS(ns)
-----------------------------------------------------------------------------
GlobalPlacement   GP     82,329 37117 1967290684 2435912168 5483,5622  5,3553
Legalization      LEG    82,610 37117 2127889181 2611511567 5616,1048  5,5183
DetailedPlacement DP    148,500 37117 1871006067 2358845372 5506,0548  5,3781
-----------------------------------------------------------------------------

b18
StageName         Tag Time(sec) Cells   HPWL(nm)    TWL(nm)    TNS(ns) WNS(ns)
------------------------------------------------------------------------------
GlobalPlacement   GP    156,073 92048 3918845297 4888427420 15182,4599  6,9586
Legalization      LEG   156,894 92048 4818684850 5884703320 15765,1486  7,2291
DetailedPlacement DP    280,092 92048 4185365680 5277434680 15638,8135  6,8002
------------------------------------------------------------------------------

b21
StageName         Tag Time(sec) Cells   HPWL(nm)    TWL(nm)   TNS(ns) WNS(ns)
-----------------------------------------------------------------------------
GlobalPlacement   GP     25,387 18718  875108802  995960820 1983,4329  5,0250
Legalization      LEG    25,495 18718 1050577267 1183382733 2067,5233  5,2391
DetailedPlacement DP     39,070 18718  922391737 1062745953 2034,6918  5,1290
-----------------------------------------------------------------------------

b22
StageName         Tag Time(sec) Cells   HPWL(nm)    TWL(nm)   TNS(ns) WNS(ns)
-----------------------------------------------------------------------------
GlobalPlacement   GP     46,723 28317 1506463947 1709296234 2994,4238  5,1449
Legalization      LEG    46,884 28317 1606951432 1815649372 3049,1265  5,1715
DetailedPlacement DP     74,085 28317 1424270692 1641413662 2987,3131  5,1268
-----------------------------------------------------------------------------

des_perf
StageName         Tag Time(sec) Cells   HPWL(nm)    TWL(nm)   TNS(ns) WNS(ns)
-----------------------------------------------------------------------------
GlobalPlacement   GP    233,268 98341 5940624177 6330794249 9605,4052  6,5877
Legalization      LEG   233,817 98341 6316767823 6731210863 9676,9960  6,5989
DetailedPlacement DP    308,455 98341 5581403053 6014572603 9640,5471  6,6787
-----------------------------------------------------------------------------

ethernet
StageName         Tag  Time(sec) Cells   HPWL(nm)    TWL(nm)    TNS(ns) WNS(ns)
-------------------------------------------------------------------------------
GlobalPlacement   GP      66.501 46771 3864604670 5806901241 54462.3859 59.7653
Legalization      LEG     66.919 46771 4365509620 6340653619 54696.4697 58.1954
DetailedPlacement DP     236.460 46771 3894741856 5888829372 54725.4178 60.6117
-------------------------------------------------------------------------------

pci_spoci_ctrl
StageName         Tag Time(sec) Cells HPWL(nm)  TWL(nm) TNS(ns) WNS(ns)
-----------------------------------------------------------------------
GlobalPlacement   GP      3,429  1267 38963307 44832822 78,5863  1,4875
Legalization      LEG     3,436  1267 44167061 50197151 79,3962  1,5121
DetailedPlacement DP      4,165  1267 40087833 46508973 79,3114  1,4970
-----------------------------------------------------------------------

s298
StageName         Tag Time(sec) Cells HPWL(nm) TWL(nm) TNS(ns) WNS(ns)
----------------------------------------------------------------------
GlobalPlacement   GP      1,891   141  2730189 2965620  9,0132  0,6900
Legalization      LEG     1,892   141  3284362 3513382  9,1826  0,7134
DetailedPlacement DP      1,950   141  2854591 3111001  9,0856  0,6938
----------------------------------------------------------------------

tv80
StageName         Tag Time(sec) Cells  HPWL(nm)   TWL(nm)   TNS(ns) WNS(ns)
---------------------------------------------------------------------------
GlobalPlacement   GP     10,939  7161 369938899 428862149 1423,3751  4,6715
Legalization      LEG    10,982  7161 394693873 456409870 1445,4666  4,7437
DetailedPlacement DP     19,153  7161 341683060 404861890 1390,1061  4,3957
---------------------------------------------------------------------------

